🛠️  Development mode: Auth rate limiters are bypassed.
[dotenv@17.2.3] injecting env (11) from .env -- tip: 🔐 prevent committing .env to code: https://dotenvx.com/precommit
🚀 Server running on port 3000
🔌 Socket.io ready on port 3000
📱 Mobile access: http://0.0.0.0:3000/api
🔌 Socket connected: eR5HwgM3JYLAZCwYAAAB
👤 Socket eR5HwgM3JYLAZCwYAAAB joined room user:cmoewk563000au086l7jup2n0
prisma:query BEGIN
prisma:query DEALLOCATE ALL
prisma:query SELECT "public"."User"."id", "public"."User"."email", "public"."User"."password", "public"."User"."name", "public"."User"."phone", "public"."User"."avatar", "public"."User"."role"::text, "public"."User"."authProvider"::text, "public"."User"."googleId", "public"."User"."isVerified", "public"."User"."status"::text, "public"."User"."createdAt", "public"."User"."updatedAt" FROM "public"."User" WHERE ("public"."User"."email" = $1 AND 1=1) LIMIT $2 OFFSET $3
prisma:query SELECT "public"."Store"."id", "public"."Store"."name", "public"."Store"."description", "public"."Store"."logo", "public"."Store"."banner", "public"."Store"."address", "public"."Store"."phone", "public"."Store"."rating", "public"."Store"."isVerified", "public"."Store"."createdAt", "public"."Store"."updatedAt", "public"."Store"."ownerId" FROM "public"."Store" WHERE "public"."Store"."ownerId" IN ($1) OFFSET $2
prisma:query COMMIT
prisma:query SELECT 1
prisma:query BEGIN
prisma:query DEALLOCATE ALL
prisma:query SELECT "public"."Order"."id", "public"."Order"."orderNumber", "public"."Order"."status"::text, "public"."Order"."paymentStatus"::text, "public"."Order"."paymentMethod", "public"."Order"."subtotal", "public"."Order"."serviceCharge", "public"."Order"."deliveryFee", "public"."Order"."discount", "public"."Order"."total", "public"."Order"."notes", "public"."Order"."cancellationReason", "public"."Order"."createdAt", "public"."Order"."updatedAt", "public"."Order"."customerId", "public"."Order"."salesmanId", "public"."Order"."addressId" FROM "public"."Order" WHERE "public"."Order"."salesmanId" = $1 ORDER BY "public"."Order"."createdAt" DESC LIMIT $2 OFFSET $3
prisma:query SELECT "public"."OrderItem"."id", "public"."OrderItem"."quantity", "public"."OrderItem"."price", "public"."OrderItem"."total", "public"."OrderItem"."itemName", "public"."OrderItem"."itemType", "public"."OrderItem"."createdAt", "public"."OrderItem"."orderId", "public"."OrderItem"."productId", "public"."OrderItem"."carPartId" FROM "public"."OrderItem" WHERE "public"."OrderItem"."orderId" IN ($1,$2,$3,$4,$5,$6,$7,$8,$9,$10,$11,$12,$13,$14,$15,$16) OFFSET $17
prisma:query BEGIN
prisma:query BEGIN
prisma:query DEALLOCATE ALL
prisma:query DEALLOCATE ALL
prisma:query SELECT "public"."CarPart"."id", "public"."CarPart"."name", "public"."CarPart"."images" FROM "public"."CarPart" WHERE "public"."CarPart"."id" IN ($1,$2,$3,$4,$5,$6,$7,$8) OFFSET $9
prisma:query SELECT "public"."User"."id", "public"."User"."email", "public"."User"."name", "public"."User"."phone", "public"."User"."avatar", "public"."User"."role"::text, "public"."User"."isVerified", "public"."User"."createdAt", COALESCE("aggr_selection_0_Order"."_aggr_count_orders", 0) AS "_aggr_count_orders", COALESCE("aggr_selection_1_WishlistItem"."_aggr_count_wishlist", 0) AS "_aggr_count_wishlist", COALESCE("aggr_selection_2_Address"."_aggr_count_addresses", 0) AS "_aggr_count_addresses" FROM "public"."User" LEFT JOIN (SELECT "public"."Order"."customerId", COUNT(*) AS "_aggr_count_orders" FROM "public"."Order" WHERE 1=1 GROUP BY "public"."Order"."customerId") AS "aggr_selection_0_Order" ON ("public"."User"."id" = "aggr_selection_0_Order"."customerId") LEFT JOIN (SELECT "public"."WishlistItem"."userId", COUNT(*) AS "_aggr_count_wishlist" FROM "public"."WishlistItem" WHERE 1=1 GROUP BY "public"."WishlistItem"."userId") AS "aggr_selection_1_WishlistItem" ON ("public"."User"."id" = "aggr_selection_1_WishlistItem"."userId") LEFT JOIN (SELECT "public"."Address"."userId", COUNT(*) AS "_aggr_count_addresses" FROM "public"."Address" WHERE 1=1 GROUP BY "public"."Address"."userId") AS "aggr_selection_2_Address" ON ("public"."User"."id" = "aggr_selection_2_Address"."userId") WHERE ("public"."User"."id" = $1 AND 1=1) LIMIT $2 OFFSET $3
prisma:query SELECT "public"."Order"."id", "public"."Order"."orderNumber", "public"."Order"."status"::text, "public"."Order"."paymentStatus"::text, "public"."Order"."paymentMethod", "public"."Order"."subtotal", "public"."Order"."serviceCharge", "public"."Order"."deliveryFee", "public"."Order"."discount", "public"."Order"."total", "public"."Order"."notes", "public"."Order"."cancellationReason", "public"."Order"."createdAt", "public"."Order"."updatedAt", "public"."Order"."customerId", "public"."Order"."salesmanId", "public"."Order"."addressId" FROM "public"."Order" WHERE ("public"."Order"."salesmanId" = $1 AND "public"."Order"."status" = CAST($2::text AS "public"."OrderStatus")) ORDER BY "public"."Order"."createdAt" DESC LIMIT $3 OFFSET $4
prisma:query SELECT "public"."User"."id", "public"."User"."name", "public"."User"."email" FROM "public"."User" WHERE "public"."User"."id" IN ($1,$2,$3,$4,$5) OFFSET $6
prisma:query SELECT "public"."Store"."id", "public"."Store"."name", "public"."Store"."description", "public"."Store"."logo", "public"."Store"."banner", "public"."Store"."address", "public"."Store"."phone", "public"."Store"."rating", "public"."Store"."isVerified", "public"."Store"."createdAt", "public"."Store"."updatedAt", "public"."Store"."ownerId" FROM "public"."Store" WHERE "public"."Store"."ownerId" IN ($1) OFFSET $2
prisma:query SELECT "public"."OrderItem"."id", "public"."OrderItem"."quantity", "public"."OrderItem"."price", "public"."OrderItem"."total", "public"."OrderItem"."itemName", "public"."OrderItem"."itemType", "public"."OrderItem"."createdAt", "public"."OrderItem"."orderId", "public"."OrderItem"."productId", "public"."OrderItem"."carPartId" FROM "public"."OrderItem" WHERE "public"."OrderItem"."orderId" IN ($1) OFFSET $2
prisma:query COMMIT
prisma:query BEGIN
prisma:query COMMIT
prisma:query DEALLOCATE ALL
prisma:query SELECT "public"."CarPart"."id", "public"."CarPart"."name", "public"."CarPart"."images" FROM "public"."CarPart" WHERE "public"."CarPart"."id" IN ($1) OFFSET $2
prisma:query SELECT "public"."User"."id", "public"."User"."name", "public"."User"."email" FROM "public"."User" WHERE "public"."User"."id" IN ($1) OFFSET $2
prisma:query SELECT COUNT(*) AS "_count$_all" FROM (SELECT "public"."Order"."id" FROM "public"."Order" WHERE "public"."Order"."salesmanId" = $1 OFFSET $2) AS "sub"
prisma:query COMMIT
prisma:query COMMIT
prisma:query BEGIN
prisma:query BEGIN
prisma:query BEGIN
prisma:query DEALLOCATE ALL
prisma:query DEALLOCATE ALL
prisma:query DEALLOCATE ALL
prisma:query SELECT COUNT(*) AS "_count$_all" FROM (SELECT "public"."Order"."id" FROM "public"."Order" WHERE ("public"."Order"."salesmanId" = $1 AND "public"."Order"."status" = CAST($2::text AS "public"."OrderStatus")) OFFSET $3) AS "sub"
prisma:query SELECT "public"."Order"."id", "public"."Order"."orderNumber", "public"."Order"."status"::text, "public"."Order"."paymentStatus"::text, "public"."Order"."paymentMethod", "public"."Order"."subtotal", "public"."Order"."serviceCharge", "public"."Order"."deliveryFee", "public"."Order"."discount", "public"."Order"."total", "public"."Order"."notes", "public"."Order"."cancellationReason", "public"."Order"."createdAt", "public"."Order"."updatedAt", "public"."Order"."customerId", "public"."Order"."salesmanId", "public"."Order"."addressId" FROM "public"."Order" WHERE "public"."Order"."salesmanId" = $1 ORDER BY "public"."Order"."createdAt" DESC LIMIT $2 OFFSET $3
prisma:query SELECT "public"."Order"."id", "public"."Order"."customerId", "public"."Order"."salesmanId" FROM "public"."Order" WHERE ("public"."Order"."id" = $1 AND 1=1) LIMIT $2 OFFSET $3
prisma:query COMMIT
prisma:query COMMIT
prisma:query SELECT "public"."OrderItem"."id", "public"."OrderItem"."quantity", "public"."OrderItem"."price", "public"."OrderItem"."total", "public"."OrderItem"."itemName", "public"."OrderItem"."itemType", "public"."OrderItem"."createdAt", "public"."OrderItem"."orderId", "public"."OrderItem"."productId", "public"."OrderItem"."carPartId" FROM "public"."OrderItem" WHERE "public"."OrderItem"."orderId" IN ($1,$2,$3,$4,$5,$6,$7,$8,$9,$10,$11,$12,$13,$14,$15,$16) OFFSET $17
prisma:query BEGIN
prisma:query BEGIN
prisma:query DEALLOCATE ALL
prisma:query DEALLOCATE ALL
prisma:query SELECT "public"."CarPart"."id", "public"."CarPart"."name", "public"."CarPart"."images" FROM "public"."CarPart" WHERE "public"."CarPart"."id" IN ($1,$2,$3,$4,$5,$6,$7,$8) OFFSET $9
prisma:query SELECT "public"."User"."id", "public"."User"."email", "public"."User"."password", "public"."User"."name", "public"."User"."phone", "public"."User"."avatar", "public"."User"."role"::text, "public"."User"."authProvider"::text, "public"."User"."googleId", "public"."User"."isVerified", "public"."User"."status"::text, "public"."User"."createdAt", "public"."User"."updatedAt" FROM "public"."User" WHERE ("public"."User"."email" = $1 AND 1=1) LIMIT $2 OFFSET $3
prisma:query SELECT "public"."Order"."id", "public"."Order"."customerId", "public"."Order"."salesmanId" FROM "public"."Order" WHERE ("public"."Order"."id" = $1 AND 1=1) LIMIT $2 OFFSET $3
prisma:query SELECT "public"."User"."id", "public"."User"."name", "public"."User"."email" FROM "public"."User" WHERE "public"."User"."id" IN ($1,$2,$3,$4,$5) OFFSET $6
prisma:query COMMIT
prisma:query SELECT "public"."Store"."id", "public"."Store"."name", "public"."Store"."description", "public"."Store"."logo", "public"."Store"."banner", "public"."Store"."address", "public"."Store"."phone", "public"."Store"."rating", "public"."Store"."isVerified", "public"."Store"."createdAt", "public"."Store"."updatedAt", "public"."Store"."ownerId" FROM "public"."Store" WHERE "public"."Store"."ownerId" IN ($1) OFFSET $2
prisma:query COMMIT
prisma:query COMMIT
prisma:query BEGIN
prisma:query DEALLOCATE ALL
prisma:query BEGIN
prisma:query BEGIN
prisma:query DEALLOCATE ALL
prisma:query DEALLOCATE ALL
prisma:query SELECT COUNT(*) AS "_count$_all" FROM (SELECT "public"."Order"."id" FROM "public"."Order" WHERE "public"."Order"."salesmanId" = $1 OFFSET $2) AS "sub"
prisma:query COMMIT
prisma:query SELECT "public"."User"."id", "public"."User"."email", "public"."User"."name", "public"."User"."phone", "public"."User"."avatar", "public"."User"."role"::text, "public"."User"."isVerified", "public"."User"."createdAt", COALESCE("aggr_selection_0_Order"."_aggr_count_orders", 0) AS "_aggr_count_orders", COALESCE("aggr_selection_1_WishlistItem"."_aggr_count_wishlist", 0) AS "_aggr_count_wishlist", COALESCE("aggr_selection_2_Address"."_aggr_count_addresses", 0) AS "_aggr_count_addresses" FROM "public"."User" LEFT JOIN (SELECT "public"."Order"."customerId", COUNT(*) AS "_aggr_count_orders" FROM "public"."Order" WHERE 1=1 GROUP BY "public"."Order"."customerId") AS "aggr_selection_0_Order" ON ("public"."User"."id" = "aggr_selection_0_Order"."customerId") LEFT JOIN (SELECT "public"."WishlistItem"."userId", COUNT(*) AS "_aggr_count_wishlist" FROM "public"."WishlistItem" WHERE 1=1 GROUP BY "public"."WishlistItem"."userId") AS "aggr_selection_1_WishlistItem" ON ("public"."User"."id" = "aggr_selection_1_WishlistItem"."userId") LEFT JOIN (SELECT "public"."Address"."userId", COUNT(*) AS "_aggr_count_addresses" FROM "public"."Address" WHERE 1=1 GROUP BY "public"."Address"."userId") AS "aggr_selection_2_Address" ON ("public"."User"."id" = "aggr_selection_2_Address"."userId") WHERE ("public"."User"."id" = $1 AND 1=1) LIMIT $2 OFFSET $3
prisma:query SELECT "public"."Order"."id", "public"."Order"."orderNumber", "public"."Order"."status"::text, "public"."Order"."paymentStatus"::text, "public"."Order"."paymentMethod", "public"."Order"."subtotal", "public"."Order"."serviceCharge", "public"."Order"."deliveryFee", "public"."Order"."discount", "public"."Order"."total", "public"."Order"."notes", "public"."Order"."cancellationReason", "public"."Order"."createdAt", "public"."Order"."updatedAt", "public"."Order"."customerId", "public"."Order"."salesmanId", "public"."Order"."addressId" FROM "public"."Order" WHERE ("public"."Order"."salesmanId" = $1 AND "public"."Order"."status" = CAST($2::text AS "public"."OrderStatus")) ORDER BY "public"."Order"."createdAt" DESC LIMIT $3 OFFSET $4
prisma:query BEGIN
prisma:query DEALLOCATE ALL
prisma:query SELECT "public"."OrderItem"."id", "public"."OrderItem"."quantity", "public"."OrderItem"."price", "public"."OrderItem"."total", "public"."OrderItem"."itemName", "public"."OrderItem"."itemType", "public"."OrderItem"."createdAt", "public"."OrderItem"."orderId", "public"."OrderItem"."productId", "public"."OrderItem"."carPartId" FROM "public"."OrderItem" WHERE "public"."OrderItem"."orderId" IN ($1) OFFSET $2
prisma:query SELECT "public"."Store"."id", "public"."Store"."name", "public"."Store"."description", "public"."Store"."logo", "public"."Store"."banner", "public"."Store"."address", "public"."Store"."phone", "public"."Store"."rating", "public"."Store"."isVerified", "public"."Store"."createdAt", "public"."Store"."updatedAt", "public"."Store"."ownerId" FROM "public"."Store" WHERE "public"."Store"."ownerId" IN ($1) OFFSET $2
prisma:query COMMIT
prisma:query SELECT "public"."CarPart"."id", "public"."CarPart"."name", "public"."CarPart"."images" FROM "public"."CarPart" WHERE "public"."CarPart"."id" IN ($1) OFFSET $2
prisma:query SELECT "public"."Order"."id", "public"."Order"."orderNumber", "public"."Order"."status"::text, "public"."Order"."paymentStatus"::text, "public"."Order"."paymentMethod", "public"."Order"."subtotal", "public"."Order"."serviceCharge", "public"."Order"."deliveryFee", "public"."Order"."discount", "public"."Order"."total", "public"."Order"."notes", "public"."Order"."cancellationReason", "public"."Order"."createdAt", "public"."Order"."updatedAt", "public"."Order"."customerId", "public"."Order"."salesmanId", "public"."Order"."addressId" FROM "public"."Order" WHERE "public"."Order"."salesmanId" = $1 ORDER BY "public"."Order"."createdAt" DESC LIMIT $2 OFFSET $3
prisma:query BEGIN
prisma:query DEALLOCATE ALL
prisma:query SELECT "public"."User"."id", "public"."User"."name", "public"."User"."email" FROM "public"."User" WHERE "public"."User"."id" IN ($1) OFFSET $2
prisma:query SELECT "public"."OrderItem"."id", "public"."OrderItem"."quantity", "public"."OrderItem"."price", "public"."OrderItem"."total", "public"."OrderItem"."itemName", "public"."OrderItem"."itemType", "public"."OrderItem"."createdAt", "public"."OrderItem"."orderId", "public"."OrderItem"."productId", "public"."OrderItem"."carPartId" FROM "public"."OrderItem" WHERE "public"."OrderItem"."orderId" IN ($1,$2,$3,$4,$5,$6,$7,$8,$9,$10,$11,$12,$13,$14,$15,$16) OFFSET $17
prisma:query COMMIT
prisma:query SELECT "public"."User"."id", "public"."User"."email", "public"."User"."name", "public"."User"."phone", "public"."User"."avatar", "public"."User"."role"::text, "public"."User"."isVerified", "public"."User"."createdAt", COALESCE("aggr_selection_0_Order"."_aggr_count_orders", 0) AS "_aggr_count_orders", COALESCE("aggr_selection_1_WishlistItem"."_aggr_count_wishlist", 0) AS "_aggr_count_wishlist", COALESCE("aggr_selection_2_Address"."_aggr_count_addresses", 0) AS "_aggr_count_addresses" FROM "public"."User" LEFT JOIN (SELECT "public"."Order"."customerId", COUNT(*) AS "_aggr_count_orders" FROM "public"."Order" WHERE 1=1 GROUP BY "public"."Order"."customerId") AS "aggr_selection_0_Order" ON ("public"."User"."id" = "aggr_selection_0_Order"."customerId") LEFT JOIN (SELECT "public"."WishlistItem"."userId", COUNT(*) AS "_aggr_count_wishlist" FROM "public"."WishlistItem" WHERE 1=1 GROUP BY "public"."WishlistItem"."userId") AS "aggr_selection_1_WishlistItem" ON ("public"."User"."id" = "aggr_selection_1_WishlistItem"."userId") LEFT JOIN (SELECT "public"."Address"."userId", COUNT(*) AS "_aggr_count_addresses" FROM "public"."Address" WHERE 1=1 GROUP BY "public"."Address"."userId") AS "aggr_selection_2_Address" ON ("public"."User"."id" = "aggr_selection_2_Address"."userId") WHERE ("public"."User"."id" = $1 AND 1=1) LIMIT $2 OFFSET $3
prisma:query SELECT "public"."CarPart"."id", "public"."CarPart"."name", "public"."CarPart"."images" FROM "public"."CarPart" WHERE "public"."CarPart"."id" IN ($1,$2,$3,$4,$5,$6,$7,$8) OFFSET $9
prisma:query BEGIN
prisma:query DEALLOCATE ALL
prisma:query SELECT "public"."Store"."id", "public"."Store"."name", "public"."Store"."description", "public"."Store"."logo", "public"."Store"."banner", "public"."Store"."address", "public"."Store"."phone", "public"."Store"."rating", "public"."Store"."isVerified", "public"."Store"."createdAt", "public"."Store"."updatedAt", "public"."Store"."ownerId" FROM "public"."Store" WHERE "public"."Store"."ownerId" IN ($1) OFFSET $2
prisma:query SELECT "public"."User"."id", "public"."User"."name", "public"."User"."email" FROM "public"."User" WHERE "public"."User"."id" IN ($1,$2,$3,$4,$5) OFFSET $6
prisma:query COMMIT
prisma:query COMMIT
prisma:query SELECT COUNT(*) AS "_count$_all" FROM (SELECT "public"."Order"."id" FROM "public"."Order" WHERE ("public"."Order"."salesmanId" = $1 AND "public"."Order"."status" = CAST($2::text AS "public"."OrderStatus")) OFFSET $3) AS "sub"
prisma:query COMMIT
prisma:query BEGIN
prisma:query DEALLOCATE ALL
prisma:query BEGIN
prisma:query DEALLOCATE ALL
prisma:query SELECT COUNT(*) AS "_count$_all" FROM (SELECT "public"."Order"."id" FROM "public"."Order" WHERE "public"."Order"."salesmanId" = $1 OFFSET $2) AS "sub"
prisma:query COMMIT
prisma:query BEGIN
prisma:query BEGIN
prisma:query SELECT "public"."Order"."id", "public"."Order"."orderNumber", "public"."Order"."status"::text, "public"."Order"."paymentStatus"::text, "public"."Order"."paymentMethod", "public"."Order"."subtotal", "public"."Order"."serviceCharge", "public"."Order"."deliveryFee", "public"."Order"."discount", "public"."Order"."total", "public"."Order"."notes", "public"."Order"."cancellationReason", "public"."Order"."createdAt", "public"."Order"."updatedAt", "public"."Order"."customerId", "public"."Order"."salesmanId", "public"."Order"."addressId" FROM "public"."Order" WHERE ("public"."Order"."salesmanId" = $1 AND "public"."Order"."status" = CAST($2::text AS "public"."OrderStatus")) ORDER BY "public"."Order"."createdAt" DESC LIMIT $3 OFFSET $4
prisma:query DEALLOCATE ALL
prisma:query DEALLOCATE ALL
prisma:query SELECT "public"."OrderItem"."id", "public"."OrderItem"."quantity", "public"."OrderItem"."price", "public"."OrderItem"."total", "public"."OrderItem"."itemName", "public"."OrderItem"."itemType", "public"."OrderItem"."createdAt", "public"."OrderItem"."orderId", "public"."OrderItem"."productId", "public"."OrderItem"."carPartId" FROM "public"."OrderItem" WHERE "public"."OrderItem"."orderId" IN ($1) OFFSET $2
prisma:query SELECT "public"."Order"."id", "public"."Order"."orderNumber", "public"."Order"."status"::text, "public"."Order"."paymentStatus"::text, "public"."Order"."paymentMethod", "public"."Order"."subtotal", "public"."Order"."serviceCharge", "public"."Order"."deliveryFee", "public"."Order"."discount", "public"."Order"."total", "public"."Order"."notes", "public"."Order"."cancellationReason", "public"."Order"."createdAt", "public"."Order"."updatedAt", "public"."Order"."customerId", "public"."Order"."salesmanId", "public"."Order"."addressId" FROM "public"."Order" WHERE "public"."Order"."salesmanId" = $1 ORDER BY "public"."Order"."createdAt" DESC LIMIT $2 OFFSET $3
prisma:query SELECT "public"."Order"."id", "public"."Order"."customerId", "public"."Order"."salesmanId" FROM "public"."Order" WHERE ("public"."Order"."id" = $1 AND 1=1) LIMIT $2 OFFSET $3
prisma:query COMMIT
prisma:query SELECT "public"."CarPart"."id", "public"."CarPart"."name", "public"."CarPart"."images" FROM "public"."CarPart" WHERE "public"."CarPart"."id" IN ($1) OFFSET $2
prisma:query SELECT "public"."OrderItem"."id", "public"."OrderItem"."quantity", "public"."OrderItem"."price", "public"."OrderItem"."total", "public"."OrderItem"."itemName", "public"."OrderItem"."itemType", "public"."OrderItem"."createdAt", "public"."OrderItem"."orderId", "public"."OrderItem"."productId", "public"."OrderItem"."carPartId" FROM "public"."OrderItem" WHERE "public"."OrderItem"."orderId" IN ($1,$2,$3,$4,$5,$6,$7,$8,$9,$10,$11,$12,$13,$14,$15,$16) OFFSET $17
prisma:query SELECT "public"."User"."id", "public"."User"."name", "public"."User"."email" FROM "public"."User" WHERE "public"."User"."id" IN ($1) OFFSET $2
prisma:query BEGIN
prisma:query DEALLOCATE ALL
prisma:query SELECT "public"."CarPart"."id", "public"."CarPart"."name", "public"."CarPart"."images" FROM "public"."CarPart" WHERE "public"."CarPart"."id" IN ($1,$2,$3,$4,$5,$6,$7,$8) OFFSET $9
prisma:query COMMIT
prisma:query BEGIN
prisma:query SELECT "public"."Order"."id", "public"."Order"."customerId", "public"."Order"."salesmanId" FROM "public"."Order" WHERE ("public"."Order"."id" = $1 AND 1=1) LIMIT $2 OFFSET $3
prisma:query SELECT "public"."User"."id", "public"."User"."name", "public"."User"."email" FROM "public"."User" WHERE "public"."User"."id" IN ($1,$2,$3,$4,$5) OFFSET $6
prisma:query DEALLOCATE ALL
prisma:query COMMIT
prisma:query COMMIT
prisma:query SELECT COUNT(*) AS "_count$_all" FROM (SELECT "public"."Order"."id" FROM "public"."Order" WHERE ("public"."Order"."salesmanId" = $1 AND "public"."Order"."status" = CAST($2::text AS "public"."OrderStatus")) OFFSET $3) AS "sub"
prisma:query SELECT 1
prisma:query BEGIN
prisma:query COMMIT
prisma:query DEALLOCATE ALL
prisma:query SELECT COUNT(*) AS "_count$_all" FROM (SELECT "public"."Order"."id" FROM "public"."Order" WHERE "public"."Order"."salesmanId" = $1 OFFSET $2) AS "sub"
prisma:query COMMIT
prisma:query SELECT 1
prisma:query BEGIN
prisma:query DEALLOCATE ALL
prisma:query SELECT "public"."Order"."id", "public"."Order"."orderNumber", "public"."Order"."status"::text, "public"."Order"."paymentStatus"::text, "public"."Order"."paymentMethod", "public"."Order"."subtotal", "public"."Order"."serviceCharge", "public"."Order"."deliveryFee", "public"."Order"."discount", "public"."Order"."total", "public"."Order"."notes", "public"."Order"."cancellationReason", "public"."Order"."createdAt", "public"."Order"."updatedAt", "public"."Order"."customerId", "public"."Order"."salesmanId", "public"."Order"."addressId" FROM "public"."Order" WHERE ("public"."Order"."id" = $1 AND 1=1) LIMIT $2 OFFSET $3
prisma:query SELECT "public"."User"."id", "public"."User"."name", "public"."User"."phone", "public"."User"."email" FROM "public"."User" WHERE "public"."User"."id" IN ($1) OFFSET $2
prisma:query SELECT "public"."User"."id", "public"."User"."name", "public"."User"."phone" FROM "public"."User" WHERE "public"."User"."id" IN ($1) OFFSET $2
prisma:query SELECT "public"."Store"."id", "public"."Store"."name", "public"."Store"."address", "public"."Store"."phone", "public"."Store"."ownerId" FROM "public"."Store" WHERE "public"."Store"."ownerId" IN ($1) OFFSET $2
prisma:query SELECT "public"."OrderItem"."id", "public"."OrderItem"."quantity", "public"."OrderItem"."price", "public"."OrderItem"."total", "public"."OrderItem"."itemName", "public"."OrderItem"."itemType", "public"."OrderItem"."createdAt", "public"."OrderItem"."orderId", "public"."OrderItem"."productId", "public"."OrderItem"."carPartId" FROM "public"."OrderItem" WHERE "public"."OrderItem"."orderId" IN ($1) OFFSET $2
prisma:query COMMIT
